YqPmpOzrL8EoQmQhiusxlXTQOCkWlh1EQ/OuMhXNXh0FSR/Dl+4pM0WWAea6ZwWEnIhREw62syTMk7IlqmzH8x2lX1tpDJc4pNMaEeO0JxCi1YkdLC3vsliq9LS1LQv+fJWocVuLVGN5u32XCPFaK1F4pVQqqMyJExWSUKGcGcHaTK3AwD4lORhnmT14JnrXBymaBuTlbVXCPg+VYp0pBWzJGrZOSf9d2rgxdlydp8rvTZrbxA==
9ztETg6zv6Eti3pd5CGodGSSeyKJbjDEvDR0wXsWn/01pQJh5XyhjQmL3Me3aNPCg0ZMawug5qv+9QaNY0pwGbVrzK/6ez2TiEZqhfLd5nN9ClKyfu5EUb/HXis6i92nwLzLRFJ+dDO/g/oTNR9o9pznf6tYwuf4vvKaxEW9HK9bgQgoQubXKZ+7PEkiLAbm888teV1uzI6TXVGt9IvbtDnnNAD+d6yTomCIAV8XSVapIYX0aQ==
9ztETg6zv6Eti3pd5CGodGSSeyKJbjDEvDR0wXsWn/01pQJh5XyhjQmL3Me3aNPCg0ZMawug5qv+9QaNY0pwGbVrzK/6ez2TiEZqhfLd5nN9ClKyfu5EUb/HXis6i92nwLzLRFJ+dDO/g/oTNR9o9pznf6tYwuf4vvKaxEW9HK9bgQgoQubXKZ+7PEkiLAbm888teV1uzI6TXVGt9IvbtDnnNAD+d6yTomCIAV8XSVapIYX0aQ==
C33dOIn2NW7YQcuvhJmlvQRz7ctmgVk3Ac4fBjrriDXXPJBYfSmDE5asNnZa0aYti/5M4nV1ZR6YEN1H0KRt2ffwwFReOrqKuzwdtFQZ5CFt6bcBP568LBceJL7H2KSHQp/YIV4hwXDsmqU1lt7Rw+mxD+lxRpvHSlKic1QsOT1WEmrVO3N0RcDoakh4C1hI/HUMPefLqixs0LDF58vSHuAyz6GegrvTpOlo/Et4UwoC0QBrUg==
MS6mSEMd6oQr0aASBFFiWSvkrABwoMKkl/53TDC7WEepL+MVKQInJzcCjMKC7ZeNYTlENLmxxfi3tjdH6Jl4Vfgrq5D1d5Lz1Z3wIODrpPHJCEo/weyp9WGvujA7qQTIVMaVt2JzLRHAxMBM7bjk9zOD3gPDiXvBqT0126V70u4aj+cSIcU54AmKMHIq2FcKkWuQAM6pMxqvf5+J3jFlCiPkKMyiGZF41aWzC9sgJZKBkt27rQ==
LZfXZkTqa2zVf/jC52I9iZOLELHxFdyAPZdMwFsDWcVzo4apInPAo+hU0fNYPVSL3ReGY828hR5fHv9kYI9MwGcfN4ru1DXz4fIrP0ZuEvb7bNBdnhcpps9vnpYKhwpiRiE8Y0PDYfldzl7hqLx9eIsrlvNBdeNq5B/rDso02CL2y9Wh4OPqfZbEKcFhgh4sya0rPInVtYorkJUGuoSUXKlq3p/RlE7fNKL/w529+QUcmcOMGA==
lQJgHbHO8re5GxuhKXZaNBg2LEALyfXzJFRTaBMMCB25AoRfKjnI0JWTDNEtm2GthjskWgMH7+qTC2iAYWWYjHKxUsTM8roxsEQUA8UZeSfBI4qmCowUvcY+C0HfRYEuBkj2pPN0eC8viutlGGylF4TGXiRoDDQzPZMd4B1zkzZVhNZg2b181bjKJR8OK2bXry4se/INyf8+gfS2v+zzoRG8atojZCL4Ne95ZaOK8l/YENBW5Q==
QUldIZO7zEbTHtmIykvKNfn42jqfgT//ePwTSWAmLKcAHiubw7qrJhYPOkw7zLKnVh7K4Cg21XyNxx6OsHdTtAo+GZ9uz8LhMLncm7e7g3AKOF8PCLrX9+/omY5zPDDvCwQAkrQ0JREEilLeyWjawgXPweQqYiJlBOp4T0zBjmjKr7jpg0TVf2iRRuHZAOgmcTbVcq0wPkl5JhZgHo18CJn0CxQsTMuWKMpHtsE9l6SPkIDaUg==
QUldIZO7zEbTHtmIykvKNfn42jqfgT//ePwTSWAmLKcAHiubw7qrJhYPOkw7zLKnVh7K4Cg21XyNxx6OsHdTtAo+GZ9uz8LhMLncm7e7g3AKOF8PCLrX9+/omY5zPDDvCwQAkrQ0JREEilLeyWjawgXPweQqYiJlBOp4T0zBjmjKr7jpg0TVf2iRRuHZAOgmcTbVcq0wPkl5JhZgHo18CJn0CxQsTMuWKMpHtsE9l6SPkIDaUg==
Q8wzXOOUP19tJkMI0j/7ULduNe2llgEQoJWghvwJfVwigIv6DZHh0FZe/K6QqLZmLPrqpsTb0u6noFAmOGPPJJwCgBHpDiaqZ6EHtyo28+8wgIlXQAiAfWCcXpFDbePteNbzRn1GLV5EI7LwR5D5C4x+g4s6omon6ko/yXnlu8nzBOWwGvid6dMlPWMqENPLJe0Hqt6XoczzWV0QQUqH2KmEwEemRIInE6tm0KqKbLIqFqWg7w==
IL1FdOHVR/io6KWk/hv24Rrzki8I+Hmyloc7zWtxCzCmp7wa8+vT4RExKzIxYaLuA1keh9uh34o3Qv7SD9tbUiLikssbaPlHtzyTp4rZvywiqVeMAChr9hZ+vZIknVU0X1mh
lf+MQpDYnqgaGpHlKtlVC8i4nQJj1jmfu3dDO6XM7GXrCDKAb1Cbl0RlgpegLVG3w5BORmTBzhzAxHC7ZhML+d8I+ULVO30+pe/q2t3a51qurKLmXYvPB9Sfjq8c9L0WnptZz3XTVlF2BEtyJmTnQHt4m0aOWCY8745yExYq5du/oYmgSvMCckuYwEPpvMtSQv1/x7mApcXgtnhYoMQg3EfVLY2ygZ9VDy02VCo7gab6hKYf4w==
FkvCOyKaajRUk074d4KJAOLKJEJiVTK2Emt9t78J9vZgt5CjjRIikcTfWUm6oWicZa8MTe7+AD0c3NaNVF6nRt0SOUlpNaMtobprpUJyqKnjd4fMw79ua4zyqMcK6tddG+UKQ82JUieqRK7nMQQ6eA/8FtY6ZC1/CouXMyAMhiTBsZFYJkslVKRjl5eaMzYsBgKBHuUXg+iQq01yQ4YoHmgobfpGA7EpsJp3ZiewRqbgF4B78Q==
O0meUfpXtoEMBHkB7VMiK+qDNZDJAZ4vpzZIL8WqhDK4KWLjbm7vkKjmg1sJYJk+BAccTBZfHVdLe31dgUNBHwxUt+hXxS7Ujkwl/NmC3E1ytgT07hlZKK9vgPIdzz50Uyg6wGOnhQAa8sscS0mUrNpjO4pnoubMlG9phep3MvrfqdYaV79HWOSMobydmb18UpgsfRdBelM4OZBlXe8PDF3gSo3G/SlDPDkmKtsmj2broeiUoQ==
O0meUfpXtoEMBHkB7VMiK+qDNZDJAZ4vpzZIL8WqhDK4KWLjbm7vkKjmg1sJYJk+BAccTBZfHVdLe31dgUNBHwxUt+hXxS7Ujkwl/NmC3E1ytgT07hlZKK9vgPIdzz50Uyg6wGOnhQAa8sscS0mUrNpjO4pnoubMlG9phep3MvrfqdYaV79HWOSMobydmb18UpgsfRdBelM4OZBlXe8PDF3gSo3G/SlDPDkmKtsmj2broeiUoQ==
3Zj8PLyhs3NPK6FGdDlc5OUD/9vjs9cJ/KwYSgSsbKi2SRqhVkbeiHlBcf93Wx8zKx9b79fe5dS496H4hKqhJCuQUpWqEcQ2NFsng/2DzoMXX+BGy/xB0RpTlIFERI3tz/sS
xZNentxPtx1/BoBAcCdL4uWaPpMc2RYHrwLT8bpQFhXLws2c33y1lEs3odhJ7qGxJ26qGCrSgmHkkb4X5Q9eV/d0Cw9RJlqQ9sG9NBu6Yz23RHyhRpKJqUDyhzxjIyDXru/7CQGHyVnbtN9yRnKQKzy01+SvgknVjNW3DJ8fYYS2yaxAb651GLMKeZr2u8obrf6qpA0D5DZRgQqaPWj7DnImyeTERn1fZBDGg5skfrFQ1FVvmQ==
0A0dymdUvDiApWm3EIYlqvhEu8socP9DinlCD4IXVWAD2+E1AoMfwt1XubRJcThen51n+irep/hNcfJryAmc9IpR3i6zjgjo1nHbOFU3pLU5zzNxMGwitj9uGUAaFe1qxUR8V2wDOINXocdADRtooHf/iEtmH96HxC5xMBPeV9iX1k3FwflAf1T1TJ10fobF4313f1a+D7xCt5y6KX1BGnpw+I1U77OS0a5B5S3fmYACWK9HyA==
Fso+Prp4QX+P3JFRSrQX9MUMS+jX2D09DdomcJo3N9lOdYtiWxkzUoLSUgIuRhxNE/3x2BfCtMYTIn2PkHw+1fY4C88DPJrXogMG1mDpiIkLkVpshjUFxueYtLqV9yHrXF6SxjNgMNIvdYl9c1CPgQnmiL9DHR7W5JqSCf6Row/CbtaY+iOngbkm9Eusy5ByBuTPJGi1ukxzYthf7egN3+Qns7lNQI2l7ggrs7IBkF0oWaXowg==
eXRAVs8Re/+4GFHNMFiTf5eF92fP7Bcijog60GYNf8pEVMXinLXRc95FsQgzZmCBP9hhuz9sOfXQQJ8xt5UUElnh7vJMtGzqX6DjPDRB/7rfBPUdxw344nT3DbQWRl/ieLOZWF79uqr90z2yhBux4NvFP13G37p8nwi9pHfA9TErdUpXwXLo5zynvg7tniJ62ky9gu3aOCha6Zv5ZW9GkGYmByAPJqmp86rV19YYIkMCe6YMOA==
eXRAVs8Re/+4GFHNMFiTf5eF92fP7Bcijog60GYNf8pEVMXinLXRc95FsQgzZmCBP9hhuz9sOfXQQJ8xt5UUElnh7vJMtGzqX6DjPDRB/7rfBPUdxw344nT3DbQWRl/ieLOZWF79uqr90z2yhBux4NvFP13G37p8nwi9pHfA9TErdUpXwXLo5zynvg7tniJ62ky9gu3aOCha6Zv5ZW9GkGYmByAPJqmp86rV19YYIkMCe6YMOA==
eyMPWGIT0Nn7LQYStmbXBc/vqUYWwCPnsjBMtvGonY+3E13PObtkjpcNK+igGA62xk0a6ovyDBms8Q7tNLeFrMB8mQ64Sb0/qJnyjYRFlpZqzxSOoDec1vMrSmzbQ/vmPaIn
4ozUgBt9DCqsM5aedyRlf37A0Zb/rCMo6IoaNk4eTlyVDV3JBQ3gORV7etFb09A8gTBRNExFasUsPPIOOEfzupmItuk5JBpd1REUaaAhbhJAczMDwUQxDrsq4H0je+CcnHguV74IpxIxo35gs9LG7/yHqeoJCVQhl/XRN7Wh8HuGqxzKHGYx4BpmewSTzJ7H98Ly+8H4H4jOilgYRcBHhmEpanleqlaquf8y+mT9FyjVIig54g==
IVFCjstpfSRLNRp++cEgRo0px0dh3jvx1wJdc2aYEE7Kl20aPTHh1KEL6RNSiBwwa7cUTCGJkCkiaeWEFn28iwgFCVOShYQsU+vm7wQXqs6IFb79nwtHMnFeoI3/1/0STjmaPpl4jlcZ4IhvrenrgAgSJ7qtdhAsN1TKT5YaNRr7UIX/LYQPCDzhc6zi06hu3iM/Sj3xJKC8CS7ArJSyEa71G4+0eRfR
XNQQ0bOrxc70w5tGhCs+5LS8GBsWd04vjTGmVXeYNegn9nyWaNZHvEJmeHMwME95JS50cts45tpMj9sIVUqnsAi6MQmAkZwRf+haOFuJKm1dt0ThawdUimCaOQuDWVjApAH3jpVpPgVE5R1LhQSMzM9+z1gyVe9RCmgRmoq6XaGHdIy2EogSdEQgJy+tTUO1f356FGUlybu8MQrxg5yW6LO3HZk9EJUG
MP2EQDHWQgdc15yVrVNImkhHRQwviFxJwtKM0lIb4n1WXe9YNh1u5zO7119KPg3DYwJFxnETfeWZmFJ1NrgHytK+9Mvpojyt3wQge3qESWfHEowYEk09dxA9NhRMxrHUgoZC3gMr2M3wlAAyniB/KRjIwUYKW1Igr/xBhvxu5+f1kbMXSLp7yf84cmba8kA1OtiBtqzQFZiiz0++haQdXRQFV2BZ7fds
MP2EQDHWQgdc15yVrVNImkhHRQwviFxJwtKM0lIb4n1WXe9YNh1u5zO7119KPg3DYwJFxnETfeWZmFJ1NrgHytK+9Mvpojyt3wQge3qESWfHEowYEk09dxA9NhRMxrHUgoZC3gMr2M3wlAAyniB/KRjIwUYKW1Igr/xBhvxu5+f1kbMXSLp7yf84cmba8kA1OtiBtqzQFZiiz0++haQdXRQFV2BZ7fds
yz6Zheo57PoFoG2oLOlTi76j/Ycunf3Xs/CGS7ghxHjAOhZxYeVyryUq2NQ/xTe2HOZ1sNg44hNIhJk/rCX9jkgc7fSjATVNmK2l+LwHYl8S3umIGU/v0khKu70ISrSbMxXfhum4521dpAvR3qyj1Npz/32fiLtmwKBgGnhH0kJtlzuVZ7NCNJZ90DFfhjGtS+9x6DhFEkbeahl9k8Q09Z9XiF6XxewM
oazhvosfohqjvfXAgY43Io7Z+ACWmpJ66a5G50jYz0ZoS+y0t8RnVSd9+sL7dXcXW4c4lEbaZ/LHzEMpipOm5s6MazXSqnYrshXiB9em1cKacDjFISKPZn6/3aaLaqqFneF/
T1sagkc1SG/NM0h/GbKpXb9oc332dw5i+i9Ws9YLLc4+OuEu8gXZQuPoUq+5my2BE30VVNCn/UC3evyCwv4VrWmUBPy+RdcJX4o1F9scXmG9bIGLGZmwnKhiwne7EWXOhcuStrfWd/kdnce5CATgG25FVol7qXjatxakJPJwRhnhlzLQCX66i7JccCwewNUQYqNtRBNcVjIaO9OivbJt/RnSKJRNswdpAiZV/6jxhYuNoR2V+A==
V8FDKM3Z7oZQ691YLjh7w2gkCWGWEoF8i8fuTJBsvi1/K1W7rZ2Ud08rjU73fu6oXD96HLBt0xZrCxSP6+R2fh+zeOGf+SKKTkMPIIrOXAVMXrIgD300oOmfiUKhQHfCirEJVRuZZb84ZcfjgME1e+Ckuj+kQBb7p73abrXgBAnyc8KqMTmOVe5m9NhvH0MyxhgfdZ6ew9K0Ggc0717U+TeGE0Qogv/VkRuoPrZqtgJOajUwlw==
JaCnNbKSRIGsbfAm5/gtbtgjxcHq6ukpPLjOtRxcVfPP3vdAmRkn1fZdwBpRKK08I4+2RIFdYyBNThTKgxRbsafnuqQxtMAl8+2OkETX6tGRJEdOm2D63R8RrxMR7ULUxGc6epa7z+8awrGY0SqLutpR8X79uaBcmmAZ96+VAUssNuHDrtOtPPjUFqUOFrWtUXufVZlRTdDjxaKK6HYFWRwP3PG7I6eWpni0xDXbGGJt6/d3Cw==
j10InGWHby6rU6cS1FID2OQTXGcDgWttaq4uhncNYFjYKVi3z9wlp4LYT7932Wy/T+s49eS0w5PjZH7VFLoUWdVLQro4SFTBG71RyP3elpSWruPBdMjjjf1oaYrNPL3qwClu4RWOUx91xUiXRJystWxSi6FPM3XKETSIgXa5mYoXFV3Ks+tr5ViKDvoSb6qBuBVzImkswLk0Urva/HrSXm/6ryz0eNadpCLBY/zW4ghtzh8+Ig==
j10InGWHby6rU6cS1FID2OQTXGcDgWttaq4uhncNYFjYKVi3z9wlp4LYT7932Wy/T+s49eS0w5PjZH7VFLoUWdVLQro4SFTBG71RyP3elpSWruPBdMjjjf1oaYrNPL3qwClu4RWOUx91xUiXRJystWxSi6FPM3XKETSIgXa5mYoXFV3Ks+tr5ViKDvoSb6qBuBVzImkswLk0Urva/HrSXm/6ryz0eNadpCLBY/zW4ghtzh8+Ig==
A2mZHewBdX0bvxxotEGPyyYDU9U2/zy+SUznGxdGE+NVUWosIqcBaGIJHRBOXF87a1OiW494FIrk0dKIx+xpnk/YuoqRoIdSVk1mCtn6YyF1+VJ8JQ6Yhd1WB2tZPs60lq/x
4OuNxS4urEFqL/qslHa1/B90oShknJ09WPeN88ziQCagkI6RcVoWTcevRTA/knmusYh7hN7j8Oyq1WtLqU9iJFXkqjFbCxpqq2QFDjLJoQDDhofmb6YG88I0ImCnXatzA9Xl7wW8SDhpZAbAt00DwIYbvwUVUnlqbVMXG3cXVE/qup9J+fE52q+dIvbOelAUX8xWf/fvEo4HIJ6OT8+0pYaxKsO5oyTTfhboIwDnvkXoazr+VQ==
GqTofRxPdSY3KFxpYo/nLGODLCazgsgSeZnNl8xHNrTst/aE7hsrhnXng+5ckovKeqp1eXliyzCkHSfcuMJ/XdfcbXsw5Et0g2sw4zxJFtxfw3LCY0D2/QS/r+QtwsrpxtYQ
4Wryjpwd4cfir+G006FjHLsD/uuuQv0Aj9zkwxGi2LhNE4wwWd2hQoEP2Av0URhcwEB8e7R8bxzW2MfQAjdoxYLkpNAhigeS84BXL3pOyV7uUuh6tN47v4FvAB+N8cKhZ0nk
Ua2Aynd5WljcirfDYY3OoNM/112xfwAfpGKglRcbrUnwomeGNGzWXwvMAG99Ykt1AhPTlpbd4jnBdJvEjedv0F8vEvTHCg1eknidvozoo6gLlokCRz/u6CcAoc9ahs1APH89
s/+9yVW/nTH+suUisgkaXo9VbbTDOpWWbLemJlj9VJkgwMFeOvcCPcL5GL3ly5iei7BlcR16QMSoRX6zcw7ONufuvlvz1RhOXkl0KIq5yhk3FH1Eo21KnV2iw8VGqnuP8K74
CIdC0XbC7CnYD/4OhD+IvSpKPaELlXFjpa8L0bee8ddp741JFTOMCaTeR15Nk5HOCpXgAoWEbiysKHKF5/BhVH+DIvgu9w+G27SO78vWeZIJJ19RrHPcLXwdNUcoJ8NoCrXGKggWPrBbXv2Eqeugzb2bdriep9qSN5kP3p6QGV+fMmu69iKFCC7h7AwwWAOzyWrAyqhgoEGYN3JjN6VrBxb4EpP3NJ99vlRengmWkf40EKFuTg==
Ct8I05h2lySVFbJ/CUf4m9hxBuSUY3RY8osPl71SLZpjNby1z5LaUJNKzlZ23WfhgBLu3zfB9ldDvi5iTeEkH+0SEagDF8sHqEnJQgPKdG4tCRCfxlhI4kFIIvlnkY4W3OxfMNstDvEvC+zXMJpz7hz1O2Yzl9ijl07mfZeIHD+RsaYXl7c+nCsbfHwJr0Y+pIBxYaP1tFeVYib7woornMqdBsaBnu5iFh7yckOGhZdpiMAgZA==
wVvKIP71137nd41YMiO42H9onYsL6e2MGwGwmT479kCe96qgqbHBDozf4QC7R80R9ELiQvEjIDD+nfQAULiGeXak/+OscnQcr1m2TJLc8NDFcryw1K4G1PaoPszTKo+53ausBNTRlzzY8Md+QRAsgvTUY4WjkfcTMYprjXkDD5L//f3Hr2Ock0n9l9Cgete5WAbjmoJdMnLlM/sF6scLL4xHjC9J/aBfEahNJvetO9Ew9Zfjvg==
aAnb7M9aMptPQkBLiYwhsrKdqjRutUXnl1ta1Xy5yvkplw481DiUG0scGmYLXkCC3D9w4tfFTWVDEubcvszLwOReSs2hsr2vuaIFJQnzQG0gYfQHT22+fhuKSJ4Yzl/H/4O/8qHN64fQzc//kxZpIX06+eea4eSODn62eZsfnEiYey3Jmhf6Tw2licSc8zePIKCNQGUP/xhCWUY3MViDRbUCdhpnxotjvKXvtZ4y+1T0OEMo+Q==
bB3eYSiIWJlc+oAIeQT8s98U7uw7SOzxBJnb/loLBOjtwTke0m2Ql+bzSfOkrgKmcYdft7jLzhXUi2HJHsR/meMiDG8UQiyQeLgudAeTjY0OGPPxTvbT1VB4+xNDlv20mrWYnJ55yamgmK5HJarN3fT4mtBLHGnqRzfUPfvr02zJFoe8MYTiUbvz1uQZhDqZYiSODd/c4gM4TMBl3o7vazbT+Oxu4LnBPKmjKiu+hS5MtwscdA==
y9y/f9pvzLntMaggjphy91Vw6JXjDKL02ZaRTq/kNGTLVMoAMeTeqnT0lBq3s6ICgF0jvT9fslT6cT0Q//E84DbsccY0sQjQx/HHAM9O+cxsJkI25QE+mKGZNjnJSWDP+q2i
y9y/f9pvzLntMaggjphy91Vw6JXjDKL02ZaRTq/kNGTLVMoAMeTeqnT0lBq3s6ICgF0jvT9fslT6cT0Q//E84DbsccY0sQjQx/HHAM9O+cxsJkI25QE+mKGZNjnJSWDP+q2i
39DZsKvzAASog4aJJeXUgt/E/YSslnjeVUbKNXeceA0CKEio9OATN2zYuEOyYe2MhShX8H3n+5dHiaqqajQm85o+41qHTF2FcDiVijIjl5xdGBy4GyRIxWjrQCq3KLrenf2F
JwFtBJhbGu/ghbV0kcPxfg1qWIxumgCPNR4FxfqEmIFgtw1lI74yBZgtffYtR6Hf/GB3XqYGsqyeTWCIOUfHmkVbWzEHL8NFJJ0dlTmRW818LHCTqp++2ANcn0L3GmWHrSFQJRk94jHonCN4G7xgcrWPhclZX7AMFCanNiH+R9n4RjneB/9BEhVNKWMHQtdNPrtTL1M45FHAoVkC+u1B8xSVc4GpnHX1KaAOlpSEi04mOriVlw==
5JWrtppR3ZZ2INHXyAvXYt7blb7NtUEzuqJopbxYc9q+fs6YQrQhAWKgh0P6hsazdMCPVeyEk9VsJMe2oEkAY9cKSTs5KRU6w4REy0sTnP8tFwIgYP+4FzPta/wl/MtijHWYIYBaGYZtNKKv75nrQBcGuNQV6d1Mvge4+Od9JsXhBOjkfkajVXJRNqGfW5ZNq78V84OB2YTwxGJwdLaiVn8CQCMyizyRmU3qlT6QGsLlUdVcnw==
uNqzYh3J6eb3PJF5O4w8CXUR0GCPgcj2sUQpLBBbN+Zih2nO/1aNhhW312f4DAjWr5bX6rUDLM5DRR3PfWLmy/NZB398nzjHatQz+ITD8DTkx3yyBkdsorYKoEUMSKvftQTiY+zjxWU5d6iiNxa++NbwkiD3FCMlFwPmKICkSeaQOE2iGofOufDFbFbFEbXVkD/3/FYstTYAwL54CvfuMeTyPFmm6qKMBgOhNyb5pSdjzGr76g==
uNqzYh3J6eb3PJF5O4w8CXUR0GCPgcj2sUQpLBBbN+Zih2nO/1aNhhW312f4DAjWr5bX6rUDLM5DRR3PfWLmy/NZB398nzjHatQz+ITD8DTkx3yyBkdsorYKoEUMSKvftQTiY+zjxWU5d6iiNxa++NbwkiD3FCMlFwPmKICkSeaQOE2iGofOufDFbFbFEbXVkD/3/FYstTYAwL54CvfuMeTyPFmm6qKMBgOhNyb5pSdjzGr76g==
uqvxKb82TcrVSUF8ZK+PmopmUr4k2arGTmy/SmKophYOIAFOeOzQ+d30vZPrByQku3lKUCTYDfOvtgX78f/2ryANp1zV4kMb8lBo8SOO/nGGkQZ4Zf/AmI+eHbJClirJjEnC9m2S/G8TzzsVTFDfkkWwBXbQq6XppFzevj/CVdyzhpjyPVQKCCIUblAjPue3zd/7JKEKtHsyFZw4mcRv1VjQpUAqurFHqsQRvwC0esTcZB5Xuw==
iUc9ugCIiafqdFzTwrjXo0rpSU5bUY4YdloOlhGVVaHsmePgTYJDwxRUmzt8VLfWmGA0OKpdfA42uZGigOS69x8dXfbTpqZG1F6HpsyjI9K1+OXOn1CEazRcbyvQP1vlSvBNweHbUiovH3vuRH24CdhjXqh4OfgkUhB6EoRd5QmjpFYwdXCVe46G7m1Zgy/9lKu5boKM0c9tIPWvZUETq//aSfKMJIVMJS2QmXJoX3z+lVThjw==
s70edEVylWGeyEB1Ov81KhC3tZkBAJ2AoafsC6dehDmOlHbXttBujUGDgHg6AW/GeyH36fbFDWeZ9rOEi6mefGfYVZ6M/n9HTFSz5+boYUGxrWcXhm/2aSFfpEVWaWP9b1aC7q91i1KcmObxZ0pWsvBiQAraLuSODoXUsA4qpRfJTpd1yGZsYG9UPdjVdquhzdCoQPGGflXxhhmWjD/EhIOr9lH+TpH+LD6Y2J0rC6G1iiKHDw==
KBooXlr7VSOxqRe2SwVaohPr/S2t4Sh8+mo2Y1PGvl5CzAfZsFbFqMjPUgKnakZooOh1/JRsnMZVYtN0aEL6GmPcfOpei8oVDF/XuJLi7TbcJmYcASCD4WU30ZvaoEo6nW7MWgSA0dAwUxoOqaqHqYmaKp0FL8dp3VZZhaZWtO10FkdxNQnkuFxVxGZput0dXSoTTTQ3qiMeRblJJRwgOVbN1K/n14UDxUJj3tWZapdek1NYxA==
KBooXlr7VSOxqRe2SwVaohPr/S2t4Sh8+mo2Y1PGvl5CzAfZsFbFqMjPUgKnakZooOh1/JRsnMZVYtN0aEL6GmPcfOpei8oVDF/XuJLi7TbcJmYcASCD4WU30ZvaoEo6nW7MWgSA0dAwUxoOqaqHqYmaKp0FL8dp3VZZhaZWtO10FkdxNQnkuFxVxGZput0dXSoTTTQ3qiMeRblJJRwgOVbN1K/n14UDxUJj3tWZapdek1NYxA==
Rv6RwUtcTX2RDJVEHRATQkPGzqbhkUv1YvwUxuVJrvKLBR7/xhU+XQgalb5QyEPtEzYYv3R5dXusal7/zdkMjyOhN2cBG/xkghUSf1MTfUiHBrZjI9kWCjQu+0Kfr6QG4f2VTWay5ls6N9cIyVWEDzsHxt83S6sniZpFAuETdRm5icYKLUtbymtDzxiPxGmfGzojl9d3+spsIGCideR0qY69/KjVIB9vLKVKdN622zBp4AzphA==
s7t+XYXGKKPUOk3i0R4LAfuqMJRBahH9V3IS6I1RDfnKHv26/Z6dfIuJvBWg8BfRUIaEeEZhzwen5J3IhtE7tqRp7Z8Jri+H68/c1s5P67ZeC4ApFgXsnUXPgT6wnszT4676/XsHlEDC+WeHpN/6s7oDrxrNo1t803/SIqx/JYJ4p0wEoJr4R5zmehps40ggOZX3WbSMHQyaHe4hdULBQj0SYfftVTRFATeuP2RWTWYtQYZX/Q==
inUURD0VsQWRQ6Jh25q7P0UHBFF2qPl03WHIJaS5lHAxNHuitOAqz7a6GPDEXQYSOETAKpOtgtAnhsKDzRYPmx2QssVtrXZD7RrfaZ49dfrec8Ftq9o5xWON+Dwh7TLU3gB3yLmPQEjkQMH9MZ66ufSki+7ZjGClHNOiBlDBAqjnv1DJlfB9lPP0JAbVHdKqvKTHQEhedhv2V8aXBhrRNXF3j70m18aGE6Wgd4X5q6YV/WJrsQ==
ciIZI1azI0pGU71vsfhvTkIOnzgGayiEyyJTiYQQJ7IWVqg8sbVsgJM/DYdLoECCngOlCeBhOYuNGU3BY8O0edp4IBbv5TnNmNl7+c7kTIqOxduNTwM3PTqYxoHtltkcHkNhKFahM/A5zWLVZq3uxo+kxM8jexe5DES0nDeCSdhpZgp6W6HilVHn6/AO0UvCznyudv4EByDRrB7bvAKp1Wxl5HPwbrM7Q1h2d1OL4ILNh2iZ2w==
ciIZI1azI0pGU71vsfhvTkIOnzgGayiEyyJTiYQQJ7IWVqg8sbVsgJM/DYdLoECCngOlCeBhOYuNGU3BY8O0edp4IBbv5TnNmNl7+c7kTIqOxduNTwM3PTqYxoHtltkcHkNhKFahM/A5zWLVZq3uxo+kxM8jexe5DES0nDeCSdhpZgp6W6HilVHn6/AO0UvCznyudv4EByDRrB7bvAKp1Wxl5HPwbrM7Q1h2d1OL4ILNh2iZ2w==
C2Y0i9geFAzTpHszwTStXgV51NSTYJ7O8VqX9MgeCENuUfddaMFJ7BIFwHZb+aufjsqEjmbC8gzGoS9PFyQbxuao5A88/YuRN4aX5ALYTtYLRIRJEocNlRijSlZXX1b1BMnSj2QzPkDrGvM/5pY4SbADAv87WMJ9JKxtOTkstm6I8QlN/T0WIsq6/JtqDpbvUz/hIuQWQs2VEDWJzjbwM/lVCa4odlOcyVu09SBkRziQvlYGSQ==
qJUHZRZUBnYEJuu69XjfldZS/Y1yH9eRXWln58jPnEQ/j/3lJpizmTLIWeSnA7ddRVOiq2VRMAPg0rfoID1n5lA6JRrLs5m/M/P6TYx5jJ6eVZdXHaDM7fG7LEq3vlfdzEeqTLlHIoBug8i4xO7wiFo04Ghw6MUJsHhm7TKgDqCLSqN/42vPeujAnxWwz9nFs7OhgjhEz8Zqdd18G4nP3Gy0ak0opmN88C6pYNMMxVhU/0KlQw==
eBky1cVrlg0EmVILDUmVJnFT3PrF+ljXN3FFQ+XsHioGb9Vb+geGWQ6ZPfsh+f7fKjQe34jTGZqI+LZ7aLxCszaWrOZct22LBCbeNFICZjTHjlI6oukwnyt0M+MO6P4sqYlpuNrpRoWm8qhHYnFZv/D8fjrTS/fKs/8k0pj5peM5xHYg+asmyL3dvTDhvfW08gN/3KC3rqMZl3lfBymgSVsuPbDJxOqx0Kvu7aDx35UZMK714g==
ym6wWAzQOosdiMWTIbAvQCYLUi13Nf2XUV4uz3dI2yP9wbhY/DC+QEqgB5F/jmgMQ1/JtOhTFDK6NFka+JORzTuVYKLdYwDvLsFOSD8gXntduNgeM2YghwYtLjSqt3vaemgRmvMyYTzyjKNqBiEwm4Cq7nYghkQEJf/nRzn2FsnARL2Ie0nQ+ZhrVTloEBC+GxqgZFYc0NXqIirK4BxUY220PN3VnI6cosKeZJLKP8dgTU8UAQ==
ym6wWAzQOosdiMWTIbAvQCYLUi13Nf2XUV4uz3dI2yP9wbhY/DC+QEqgB5F/jmgMQ1/JtOhTFDK6NFka+JORzTuVYKLdYwDvLsFOSD8gXntduNgeM2YghwYtLjSqt3vaemgRmvMyYTzyjKNqBiEwm4Cq7nYghkQEJf/nRzn2FsnARL2Ie0nQ+ZhrVTloEBC+GxqgZFYc0NXqIirK4BxUY220PN3VnI6cosKeZJLKP8dgTU8UAQ==
1u6Vn8f4lezdY+0x7F2b+fPoelpoKqFBnpy4SHvJ7cT6nU/qB/hO4CMNV4xEwIbLyOSU1oGe9l93GvzWiB+YK6MUA8giFgZFVJrewxEpjc2gIqBD6lqlLFyUPSi01BPcUreK8/85o8xL86KoUQr7PVtvhePbv9mzeqnJ+CJ7kMeUBK6/1df3hymWq3LCLU6BqsxwOZHhtKEQuvu8ZWY7AIQP7Vcf2UVnbfngFXFXQamNj2DZZg==
WJdpivO0nLZdGbPH/xAtDzv7BgDw247mVGofFj71G7/pze4q5L8nCpot6d42VNwEhK7imUkQTZkYPQLRhvchGyAICYzTyXT+bfe7n5AAGcX56qKGtpGxXV9Au1Mc5ci6eRQFdvOMVX94q3kR9GyaSMBA5PTR2NnxGP9jExLgdJWOdmIliLq+NqvsCe8RT2s3RqVXlX1wU+HjpcNihykOs0Ttgue3Vd90y+zyRc+YnUS2rfiJdA==
qXK5c2H5CSlWFMxll2h8UaFikaE8ncnq+yZTc+0QI95bOylB5obdNcK2pHixlUUzAULnyIDmmlM5fW+p0gmG2B+Bo8+RtbHlN6Ye/OADjU19D7du5YVqE86ruNQpnZDBnllazTKgV0smG0oxLyfsf2SgaTA5CxR3JTYHrbuqVOYHggmeBScV0HuRNvWMC5fshnemSUp8o7jWqId3rC9HdEkks9e0MMrL6iXUB7cG2sNeufmD/Q==
hch4qElGZCjuWl6yM02YncijmD8gE0AduXZtAejET0YJ4WQqLTkw8sSsLSkOiw3G0Bxvd3JPi0jCbUorfpNFtUDETTg2LDUgRNMtmabI/zToXKir7ylsiqarAHoaHY8Ckn1z4LBfVd9JavmZYcMUoOcaF0PBWmQLNqXkxU1A4BygMCAo2clT2yhkO9dmrUCUFMhX3ZhlE46O37Rq9bBWKw5SgcD2vlkFVaP8N5/i3bnI6j1QDQ==
nkKX1+mOGJlJ2EW1jayTwF0K/d97hM8yPWT0KfinriyHAkHLXq8U3GiLyzo0x11Q75q7zjCQZFP/Ei0AvBhCNtB0hVbGclDp+BCjbyOwQjBiO9/vVHLbZMMcmqTTvB9K3OkTr/OWDPR0jt1FM6hE8+Koq8KE140XoyCAwZgxxqOTZCtmIMx1+E3gtIZMUwIVQb0BBQDtz5E1ayvercjkD/+aDgk8nV+VPWzdsWr7/QX/VtOLBg==
YfEmeJL8l47WoAeSSfMW5QYgcEqPt1SJNH1jdh7Gg84bY7+dwatxcmW4fTS2IZZGw6qKpz4+TCP8XWN2y6g7QRwKG8321wZJvKExALmrA2flbQTinFMuN6kQTFadMyi2IhU18NDqXwWb9Dk9IGnWIcf1wD1YP2BmgM70jWWHNC7adFHWUi7FkYQsghBBd6esiW4ECf77t2XxOsanjhD6B4xfYhFxGbBFDzzkBDX1qWiKH5fvfA==
Ebkcd9bmoaB7AtyqRfEJATZuLbWa/zFOByNFQT3BbWrGnU6tydRGR82cYEAeKIXBJU8kARFiFReK+9V6dQO+oxahtCGrHfH9vbpHbOsEFUQYo418U+TCTXVwEKu3Mr32OttcoounyJ9/mfgqYVB3lW3iyXk4rM7CMi92yPWGMwZeCeohzjGon5heNnlJOMxt7MfxBcn7z1NrlHzke6r3iDMA23NraBPE0U0+3aEPbBeMU3RA7A==
A5MK7OZuF6t14FT88CsFOECzV+eF3+tDAsn3mT5ve+1GRusG7b5eHTwQc6xvXLieiD5mqyriu51wWOaLA0euvVovDj+JDgk0tMg5qRaNdf5EXeE/HXBbyOb8a+LsPkI/OTg+AjNxIskYgGzHVkYgtZlYdw/6QlLD/a7vi/UhEJEzVHH5TXgifw5pJ2khU+TB2a5zG7hKsKly2+r79TmGAvqnrAnOtuCSsVKsQn5+iqvGnUJHig==
NWj3+XY7OB+fN1FZBpU0h2GBwun6zMrsco4REv1Xj0JadomHUBjbUnlHjGJC1tpTKbfCPSnblZJ9+QtlXrhkZluDST8HlUhk8+tMMNkG5yeGQptx+9xQc40x/saYsqHF/meBBxdIW3Zrq6hV4SuM6DbOllSOYdr9xuFnTd2/mct9C3Lz7K/VfUGzTdfeamABMO+dIT0URyUxZ5evuDyl9EyHcArSlycV6A1N4kAQ2ybYTNiGTw==
yQG0YwXTFcfz3tF590NoOlDsoDNspcSce3yO+EjjMpVpQSYEBY5QGFYI0tLUHyP4K32lLIP/Jw15DgKNCF+muR94vcrLRQGJryJM7yZgZAKT0vLg7TXdBqmSmYBeHoCYO62nUisepcB4OxX/tYKTGYBFvd3Q9pYfM1ZkwsNdY+cWKodQPlC7k2esRJc75Yu/N9u/jEujtdwNafiY0NVNm9NLIGE0EqgZ69pfTJe9WQ0HFXG7RA==
CJnIRxSno8rq03w3evR4rZA9KCQ/laU6gRiQyo8QUlcP4FXr17ju70RxSig/nQ47/0VIRpErQO9UqIMlneQw4eKHFSa+ew7e3ZKd8yqP8ZzEdiCXTWUoCdY+CJq/OccQ3yBZ201lmJJmXZOlwYJdWVwXDqb4Pii85VR6csIW0CubVVrU9aoQWhzMLOcQsiicTDXMoX87dnFH4KQur8MTYfEItAqWZbTa3UxxVu9iSLvmq2inug==
EN8c5HEN+BrCs567xczj53h9IlYwCSYMcYFW1ltrkl+6j855NX1DwGgczfTB/W8qtHxB/7jvz27V/YDEpvx1SSwIZjZz32kofobEaXHXwBYidFUxbhEPnaTeKL70Vb3nzljIXC+QAe5j2I1tk1PBjqlou6HrLL1w7893DNJpY53lKJ+1H63s47qbVKa6vCryYWB4X7+Eg5w0UlxU/RP4KNm+RPKsZRrfk4sTueRFrpts3O0gyQ==
rgBw6SaEuf7uBKL5fWzjz8b7zetedFooaoMWePhhcHE/+2BC0KLfyev10XMVUKfK38qBaSebB20jk8RceR5fObUvqcirjT/EB3jSsfLQgIF3QqWObNIoTlieXEFKA1xtRnt64l6xrllQ0EtbF+3tNqarUmVaMt9ZuUvLvu9HPYE7VtdcXPvXqnmlxiGm7haP7J4foGfuv+uFw20oYrTme/Cfq12TiGXdtb2wH0UEa2WWkseXaw==
QWtL9yiMQHVCFndh4EkmPqy7FjF30SXfaJKOn085TrDc7hqScbNLmuKn65z+rdV1/EYMgo4h+CQ4JLIiQF5j2SXIx7usqhoS2xOxK4jtiRuQP0/Q75nL+MEEEvuY2P8aSTTD6lFr3vjAcZugJ8mPizWxYkIbP1hqDgeBC74Ap0sy+plHEZ60s06Kuzl/naAVxOR906375LGyhBoODRuorg+KX8EUjaGPAcPo8gQH9S7MhF6Drw==
sxisQe2LGmucyCCblDgTnrImMOUSBBB0GcaPye0Sp9wgrc8f34UEyU04bLDmVoA/vYfZNoL9vMMQlI+ydJ5bmTSNbque0FQUBTVpG5fTc5Wvnj/DKVN3frlTJAq4/sX8eYk9NaiYzm2YthgM/cLMtoYJYhUt57UecvKibepSh11RKka4pkGJAUZJAAn/Syglq2YrItRcmaP8sycaa5yL+RxVEM4eX8SA7JLeObbv64I5eqiiFQ==
bLG+Kj7vo0+oTWoiX264onNDQ5iJ7lBzXsHUMVvxKe8GxlnqZ41v237vP13Cv1GAoRIRDGtJWSaufmX3qVHo0MluC3BUmDZZIoZ5Hjz99nhJlqUxSoOpJ97LMu3ZWNezrcqFOKt5aIElUrwDkCd/sQXOaO2dl5ZIldOIIhmyHCxDVp2EhsZUxBypEboctIylTDpQ/hZHEv5vxfCxw6fTl002/GSrtRCCeQzvLOc38PDm4zHmXQ==
TB8XXSRyiOqRBqTWXkg7CLpyrolCq6vPQFMclnob2261uViMskvMTN5qXp8IHwCDFWSnrXHpwWMHGYvEkKhdOtAS6rtWbteCej2YQbyHlN6Jw3Q4HN2elGKWO7LhGuJ90xXQRTGTcbG6WN1mDjOKWGT72Ape87pb6DTWnkdk87syHTWRmM9sreHQmeYaGu0w+fUVOGaCbVzEXMVQiyMx5zzvxmDuuI+8Zr8d1qYtnRy6HLyYng==
VizsejVI6xO30tSaj9pFwEzPw+J9wh+Qb2i2b5UL9WBiHNeUftKt1SS7l0yYwkR4d934kfrbX9WYKuTXrTMiFyT5vbAeQBOg4+XFubbPfEIZUyl+3W3vqw4En9OxXqQumMSN8StVsgiANP+HgSU5DAGjZ5s2Ow0uSFor/XftgTgEyh5xjECwCPLc73maQxIdOOITxJ21QgX88lTW8SpQXWr5NuKsfbxVGX/pdUHEDzb1vI3LGw==
Mxx2tiH4gx3sH2Q/1q/3acOmFPdDRoRZcdWdXzT7KCNY1MPtllzer1krtbjaHDvTWGhYzsBAHxmUqGYUcEQNZUW4peXomRu0HZRVNBjeYE996HvCmR6d/+XKrgUsz9Tpb0Ey6eunouekPEl9VLKxD+30Rpb4rAijsFQ2BMuH/PFMzmpaVt1F5PtAMrYyUVXOOlZlwVGDKl3ABvX9gJu4V/yry+8f1ercANZY11/++F4sKsBL8w==
zjSDSXYI/XD7By09KDM+pfeSY6+60FZvM3iQszfHZ82jQKFmvhXZuIMxuIbkQyd5TF/SKvCceFjE8Mw9woY0SrpBVm6Qw4LxvSZaN+UUrPG5DS39frBV+4tcGfVbNCgqEyhbnhEoRzxosZ51sZhEIsHYizi9TL/fC6kGwUtzbBZn1Sh/pJCd7bbE+gl28oa4pvpcpDZAWAptGuJ77L9NGuUWzJoiFGMymn9U7M6eu+0tMjD88Q==
oOTaFiFjZquZN1R54Dbs1KzWgx5lQ4xDG+zeq5e2noSk3laKeA8oqaJKUcYvQlrjVo347slvBsQHpAqObQAHsxoTd8W7ARlwM+s5UgWh8ReFZYStJ3cuRXG5VkY1KETLEmg06QlfglszGKBwDeX+vGbJL1aYnVvaMMfRl5rVmJ9ztZ883tlvA+O5aBKGQ8PUeukEpASIr8+KyZLXhuqRRZgzV7lH85cKhqQPcU5mm44KjJHNrg==
kHER89jzqQREERKejO7wtBS5kCH+pFysebkV/bE1b3pctd8vO5prFNaB7DB2AzotgpZapl27++9iPEHARaQ/TWPW0p0esnGvyl5D3pbBbMdsk0sO7+G9aqOlefja0va/3NMzaCURZuC6O1KB8NQnz8Debe1l2gO80f8r2LDmrwlZp4HupspO8zLoC59RjpYEMHG0yz6lpMsALrqc1hFHmTlB30jobB2Tmk7J/AH2BKEKX/E6/Q==
+gF8fWemj2yaoIRCGGiaLzVcZMyJvaz/9EMZOL22aSgWAZ3EikzrMHzegyj0tWFTuKIFTGpqr0aS8qnf5kk9pUN96f7mh7Nmwzk7UyPhaJsxVkgaoYbZ83qaua9VpmR/mvUx+ZTtBQ1I7xEh0UexNV1Hn1lXsIqi9E09mzEwgKMNBmIHlzOr/otU/kd3jgjIgMnbc+AevCKP7+y4jqNfvRn/9DVLMPhOWlAmwAdL4KDMH5ZOBQ==
cAL11pPJgM8yRSjtF6+/DgH03Do0mK7vkhqmsNSozJ0N9Zj4+pluYdxzkKnF34DTgYGa139zQtFkLqXlrY1uED1+thi4QbRg2jE8T5jqMj6usRc3pt/iEaYNWIeEDSK++OGImm4yZBwSR6Lx6WuWE/aqyDRR1LyNfmFR6lnwHsnuwQszIOc7eCsoHA9221v1d+GR82za1Z7awnniN+f3CmAHlb5ZLCJ35DZvBZGvDLdkNMSRBA==
sCMISkWNEX4IeIDB53wYHszDUwqYPu+3oOr27o2oX+3nfVp6YdaL1a4qmXPVeAShFAq9ZMG5xcc86FQJTSU+RH4p3iLLCr3OFMZFGU2pjQ1plBpBXxCgbUlP+wgYWjQzBonDbkozz56w01F0kpgvyf70AajYeLWhoPOhzUEK5Jnu4EcssSsldQNO2n/gr2CYf6eBsVi+nR8kdr5bq4bqLRJYRAxtzeJZdqMKsIfgmkj61TzBdw==
88ezTZYK5KhczNZvZUyef++3T2yiyYALYrl6VX9VH/tWgTctvvv7B1bY0ck5sBmXGBOat3bCQ1vooi9hY3s+j4w0gtJGrVAzUeX3owlSF8tndVwr2w5r4gWRA0MgqbeF0TiY5+PHGZRONtRAJ0xywled003QacCfUs6M686+nPrzfkV/xLudO9oToXZdPBKHfvZxxJ0YAgTrbw14oc8Vvq8kAYZOEs9cNvDskhP6CUeph/ZbCg==
P3WNsVAOOeTtAtq3RwEHGNXHsNAlXylt6Wfa01A2vqK44gd1VVrA7ZppE82BkF+EaC5Em7VEYsxIPUHbYY842ju8mMWtuv+h4RAsQVWVwdO5gg5J0J3H+Gdu+WWshGCz4FRA/V7CZxEYFtbmj1F4jIzrMM+UZEqf8T3Nh/O/vwt0XQIGBw2tVsa7hsSOGna3DSQMmfd00CnpHrH/nhgxHT4gieaXPLQ8Px4ZBHRHgTN77yG14w==
FK4ZeEtDoUbiWZiCqoCXManHd1992uczoml/HfPObH7cZ9XImbLK17Y3H08eiUtE+FPkyzBHTFSH21H3nR268zlRANFnxh+Eil2R3O5SS47/crlDI7aq+wlNCOvNkpcJ7nZeAozuXTQkgGXyVOIT4cnD/Ae3gcsurIJ/Gzi9f1+/YiI/plQfZcJlMaYDSb4anq7v1KZv8LMFvT1j/iXkSwnOgDVf5lTW59UAKrPhdaf6x8TqMg==
vy29jUCAMo6qPdqAGn0s8WHohdlr1q2YsNl9vKZvhkwdPEKgfWbLPwWzMmITL/cyxeYEW2+n3G5LRNGqe/721UMYIl/Ssx42Qt9joA3z0TtKSaedhhUVkdTgJdaAIHNfQWGGCDQT5Gw9KjoxRIoyDAChSNkSir5KMEfoCSsgRPSVIj7bXpufXILh5d5SGSPfEWfc1kNCsg6gIhEwGGwI3vb3FqaQwq20hy0aHVhiBdoxodjNTg==
xObEaEMEPhvPzqvqiTBjIUaYaEkL8BLy+SQqndlsuVkCjQkLUnLHdrXPGnjAzYwqzjwKb9AMCFlKGIuRM/Tknr9cAxfys1E9GPC+xK0WXsyjie2XUSYLWFTKeoJJWFEg7KE4bZVkn/7u6P+Xjw/H/fzfQ+PQwDsczJsLfMzI/6u4ZZL6P7ZLJIQf0E+Vii4jS33tTXcMB+1T/mEoR/1gdwDHCqtblGwKcXoueDJRp3D3xNUtag==
ThG2ufCPZKLjcu0ovzmByQbdaPaue+HwQ6kiqt30GUofaRZovAW0zIJ7XGvJw2dn599LpPlXSvAlXcM07Nr3+xiC3okUCieaMdWnyUJp0brrVfpvsZfIWrZ+IblbL1XBeZjKS0Fl+hsXQ5aXADiv3D/II86PjecieI48sQ5TIcF56cdywSiNDSHsa+6NvKPFa5oU17NI5qbfwxKX2NgXtBAHJJMU85Z0PlscjNdL/wo9fVszXQ==
ba+iiknV11qctEcmIXk9Uttuvb1CaxN6CyJ/OZsoITm8MKpZhxFDvhqLmVucJ50R1U6XycwUXmh0TqZUVagrsGRjCTVxIF9vrNs/ZAR07viSuh4S945E44NRAZhcSOhTCiRnA5XpP1X4vDxdEy8HZ+dRcE+ap0A6gMt3IreRZSlvmK3+GVFJf9JKb5dAwaqjMum+1OR1QiRBpyQm/Rf7EiWzdtwhr5VUm51ic6+pk8dcVKwPdQ==
OkptwiXLt3Cmk0rn5zJh86K5Fe8qW0kUp5LRD4Hd7ZXfOtsb+nMAqs0oDY0FNSC/r4uldHtd2MplC91SXCtqVDWRQgzk78AxMpnsdSop/dEVpXSmKLOwbyp4+GGl4nU5b9U2OOGXe4E4hNwv74py8dysBQFCk5+BQ7aDTucp6BgYeE4O+0N/HCzi67WREHr1/mE791W4VaxSCHGkq/uhA7CwIqWPBaslCd9m/g0l0+VgXjzyFQ==
f9+za+cev6xVWeGdDwh3mhSnaVqFha4WXWBG+8/rI/+8HMRvX/eHkALkk4DNlYdWohX6Q3wgXZVcBLiGv61hQt0F4SaRtN6Jay4P85F6LbB1jLAR13nSQLlWoSHySZ8G2nkrpkrh7elX/yV0ODK2dya1Y0utYKr+Z7TFzpfY5MDlbt2el/zfhWVW9omiH3EFBeR7PcmlGkLKXXcm/lMht7Mcjs7cMtwUEUbbu1dWOxm4OZ0zmA==
T4VIW+o45LdWSJtVGpdSGj9e5x0r3mpbzSBZA0scWh5VigYx6kBQwvlEI2QEJ8BAE4I6Wz3XhMlevpQdfM0U687denQVOL//DwRRKuADG9LozsnOxa0YyYEaFT1YHaHQkTlHY9ShMy/sAP0RCQlYp6gykpfj9f5J+BSzjzWGfrsxv3IUgmA07ocLPt7v0R7Ei79RpcuW+pVt9bwZHVG9KgrYyQaXzbQVS82AP5oDYL1R/EiXCw==
T4VIW+o45LdWSJtVGpdSGj9e5x0r3mpbzSBZA0scWh5VigYx6kBQwvlEI2QEJ8BAE4I6Wz3XhMlevpQdfM0U687denQVOL//DwRRKuADG9LozsnOxa0YyYEaFT1YHaHQkTlHY9ShMy/sAP0RCQlYp6gykpfj9f5J+BSzjzWGfrsxv3IUgmA07ocLPt7v0R7Ei79RpcuW+pVt9bwZHVG9KgrYyQaXzbQVS82AP5oDYL1R/EiXCw==
jzqKGM6Ek/dfS00NT6UVUeNU3tMDHwaRmf2RL9hTFNQx5cQ+Ek1Il2hoPvGrWhtd8Xw/S/Lan59SN41TBqsdhwX7YZnoPyKMUhdb1dHnAyI+0AaEWbNL0bmRAnhr9/5fCVxax9dx6AjmHb6vSD6uhAy5vBjFvasuNdITPcAPTXrkJfskuVR7DfEMPUocTMdP4STQ+DCCl+VNHrQtU8JC3R0Rvpfy5n6uDV3IRo33zvVdicdznA==
y/vLCWCvmjOtvPbhrhickGDTz5YA7ofkSKOrD3bsMNvVr5P4+B8Wd/jM34LJGZQ6NhB/csp84vwKSQMEPn3NRVh+FasPL9vPT4/zU7rGf2YOmFwSMocWzKyCfi7crg9eUomu1N3Tpe7ZzD5PGVlR/Hry2UkZmfxwhqes//1Of3JEpY6FfgdZIFE0pCy7E8Kudh1JkAop1EXAUGUEYD9On/MYWlHDSkwt1FVTYyFoqt6tUgBfAQ==
Hj0+2Y3a5F8g5xIuLvrseGt7yx8WeJ408DNjUzS31rNueZmxQ0/q0BywU7GrpSCXaPGuDO/T+f2nuTtv6k1HiQKPbhTbnZCuzU6R3ek2L1LBSc6M1t68VUQCOUIPuM0Bc1PS1Nwz8isXwtaY2xtn00xmPj2QERKDs+nSq4IO0dHBpWuV5sRDI0ZxZJX6EbqilVk/j7ePHnKLkpCLrHxIBh1tKvwNiYxBQ84BGysNkEpfvp7hoA==
RUkCykY8U3ZBI6UiRrCaWRlmFXq+9fGbnLm2mY7xut+9RGFGczKW6clefQidVRiHSTTWHsjK2mO88Wjgwk8T/IwbsaSsNXYgvdNWzuAN8imr590NTfWXzdvAz4UcGm6yc/YGmzy+isTFPzUG7YtLyiE5zhLGREQJ1zeI6bw/fqyXztNw4p0a/jLoS6UHvk61CiXOpL5wqyLn9kM9CCPDbPnrNTZf433PEA9O7ZjkMCfg7zF/Bg==
bHL56QrwlKYo72bcgFVEPqjT6IrjlVqlNKSy4TCyO5KA0lI/nBpUAagZI8I3Mb1XojFlPYP8Dcv2eOuh+4fc0Dv1wQEWYDU/zzsQeFU1cRoof7E2NnKhHjV3ejBH2O9k+RiSqCmmIkuXbfEBGkSP9pZ9FpSCvBXrMBfUF8uLPixmQ+IDdXMWfvnWKggu9GOcqesQHVdZnGm24Em2Id3z5zEWjLPUNDeJQtTLWerRNXB4yOUyeA==
t1LwHTzf2+Grf/cXvoravGxXoK8wN+g4ypgXeB32gJEulMGG377//wO1uVObNyx/hUwQ+ORUZNI+kuyP2xFhD4ZzdEzh6unoQeoimUcQUsgYWrmCROctQ4fc9fvi7Yf8pij2YtU5BRqABMrBRjpZjzawYwUKDEwyJ3nEAvfU/BeqSvFE7wu/xWfNsm+TC/W918o/4TUeYRmLpvkGemyIvKzBzJRYc3bpbrWh14a9L2RAjHr8dA==
um1VUCKR1r3FOHfQ9EZquc2Wn+14glCzkGXU09hKIp6gxCIBxKC7d9wXNp7tz/6Iu0H9hiri3NQ0BVdkVMweFDhQ2qPrKC3dm25ib5OYcPc7b8e9dlJoM3DakSy4kWpoS5+mi+Eg0fAAAOZvF0S6q/YoB0LrJGzfcmLrniy1NcurBb4k86iMg8/I+yrslWkYf8VtyXIswPXtf7pNazhAMG79llL3kmYlGNAq7hLbJDhUXf8cBw==
hm91bWpb4xkzkJZn+y2QA8aJVZj0Adbedwf8qIXvvFLePD9KgdZ0qLgF49927dV6XibvcgmA44/5dfYIpO6kj2r6WgAH5Hpc/MXq7EtZu6WklIdYrFVsm2I/06Dfb6hEmCYAHYSmqkLTDRIJSdQo8IZy7g7dDlfg1oaLiCAxTVP+qT96sFA1EzW/1Fz+eQlL4sub4C9sNZeLSItgqAdFB5rurrclkC9PbmmQ4hQQw8ebB6qbQQ==
5ftOoyh+s3k2TgJemjLSEsN4qvkhzU3FRDUnRmAwzxdsyHmAS2a6fTHH/sCkDJ5mcWE2j1B1mSBbDWtB0Qb0tsukH3ACwXCvRTSw+O4uAYpi8Ld9YvfY/L2cUJlWBNB2B6TZZ9/3Y3xejN8iLmKwdqgy76CJacocU72xQMiCLJiCKW9t+54F59QrQd1R4LROsXrLPTVU2N9kaxzYjjLxVHHvDIceRZkdJAcn4oW7JO9JOnzhrw==
P+ec7nORC3d29JgC/E4FYPzuNIWDgIRDbCNSc/lYgmQbEvsSv/3yZSO25X89RXzksVoF6Sqtn8rigflS/fEuNPo2jr2LxFYp0RvCATcSuYlBVeWicvgQFayyO6ngVNxv71VwySIRRvL5yRhGOozFKkK82e9136U7ux3QuHJcvqzYG4HRTltG1cKuMQb8QuDB4PAaqdkbGybCMRm6x8xCdDDSLGMFZ2oY5ciobM8YR0dFRI/8Tw==
Mt5sylXnDPZGXwjKNwVsaw2A2L4ufrbf/sqwtGIExKjaaBNtj+s6ZzC6Ajkw2zbpLUMJYaHU48bmvLcpNXM7tIC5bp66pOPJ+3pAWUQABayIy61Qs8K7ReHHuFSTQ4HkKe7VKhmKCC4SAj2BEgytaKJKMRavq3CGNCJOROo6mMCYw/tAT3eN2I5AL031KJkB+ik9yZ7bcvv0gd+TYj1WZJ0vTDblumo2SB4kDt1Ge67YHODT8A==
8j/BEyvde0W7SdKlyXimtePYpaY0DmsfzQAq9/tZtBAxkD/rVJo81uW6DXDvSh9KBlGM0O9ZlF5rupQR+zSq2diHyAeRRGD+iMFitR8tKY7zthXk7jfEn8OFAl04MMsU6d3FGRJTFNrOnmCwEnFBND0XxxcMK9jlVHrW7+nFTv+7j9IjpG8jP99GmXdzkT7y4HqJCufKPWcsYJDUsMdb1pSF/2grzHn3svJ/oqzps6fiCXPRpQ==
tAuPL8Z1AazMuWgx7dnwtxBU65ZQ+yS4bt8FaouA33A3EnARjukX7fHSCtlELitV5gu6Re7aj4NqbIjpox6pQvfoOszE2toxnqMMjK6rEgw4qZB9Y9DHwFIP11+pV7gcOruw6Ew5LUJR5vsqHvHtOA+M/0ZaVVPU5neK92eCkQ4KnFU1QtIYJwGXdCsGtu1OxvGd5hu2NqIS+8SArNGUWa9kBDRfQ5avZoN/DgkQdo2H163Y4A==
qxFa+5Y2UZdQwcVCwyiQjkIPaw7VpIiY5VRhZQFm3D52+Qe9HEao7uTtRnhNmv15D8R60PKI6NiAyhDDEV8kqOGmdPudW4t0HcKBYzrJBZc2bmLgQKO8+e2nED5urO72hmAVPrS/tKJykBKOGa4NltORIgMul+nsLB3FzFQ5pUL3alKrynWpwxatgyafuhsndKl1WV2BvIOmdoFo1ZT8uj3rAvm0lgE5js5vmF42qznH4dCW/Q==
qxFa+5Y2UZdQwcVCwyiQjkIPaw7VpIiY5VRhZQFm3D52+Qe9HEao7uTtRnhNmv15D8R60PKI6NiAyhDDEV8kqOGmdPudW4t0HcKBYzrJBZc2bmLgQKO8+e2nED5urO72hmAVPrS/tKJykBKOGa4NltORIgMul+nsLB3FzFQ5pUL3alKrynWpwxatgyafuhsndKl1WV2BvIOmdoFo1ZT8uj3rAvm0lgE5js5vmF42qznH4dCW/Q==
tN5IoDFlBogldhL44W8jKe0Fq8I4BHGDObe4DYIWcvvVTTg17yZ9AghdIQznkoJfKWA5HCd/o2GVWDjj4h0832fPuqlTQ4nzyqXAWs0+qU3X6MUFgBYm0hqbu6mJ1ciX4oIcPpgVuF9Io0Yepli3DNfA1UpZvf4YM1t4bSnfmbiboZFFPG9YGFU7dOjTKMVgNjEJpnLsFAtIHgESj/Npz3inP36PSCehXbueEJjnzfb001mwkQ==
jUWpX1aYrbeBpmrDrB+lIT+ACJsEHUPyF6UIOGZzOVwSlbGpD19Jyd3N/se1M/ImlsojPLUAud7c0FROx7+txUykVIWJb/l1+p8RnK+8sOuYK7lrVkCNxqYmkdoytt3a8I8sMe6DuF3V/H+mjr1HhCHEbz5+9KvMsy54p/4c6S2oH2Hk6C84Z6MdYA4EyhVC09H3AbkF05sTY8ZdoxCyg8wXlPPT7Mpe2zd5tyyfSYegX2eFJA==
xhtWVUfKZPwfVzW7TmD70qKmy4GWyfXiYOsxZbdgz5TeOyx5rSCsOIKdPBM+X2OMBYCTOmIG6ZEXogjjXylelSNQwlEfmJjZjA9g5xsLy7ggz6ny30w+JDd5d0TWPcg5kSykcLCsAR+ogG2ekkfbHtxn1gdo4FV3EmK2jMrU6NnEKxbdCkizHER0Prx46X44OCpSrrZXn5I6MvfdsQiu+mMg36aGx9+M9DnQ/gBIylORlhFfMw==
fJX3xhuJbQuYmOy4ob8JiRGl8Vl9xKV/fw7RaEHjHQBwjr7zwVyxSrwpH6kalqgS3qrVqkDLz0m1YRhxeFdBACbTgwOi1Ylbo/RE7MJgJkao+nUaVeDw2ckFdNMDUndPT8IBhkl3mtl4s1uPRjXGIJbOo8LVfelppIa0gI/nIoqE0ZWN2NZpjCaX4FLRNvXY8+D+KJZaRgTtN9SJT+TolD4B34tSm3i+YaTuSL1u2akaxCke+A==
5Pg8RmMtPmsFml2c7371nxO5M9NiXI7iVRUiMtChd/GXkKIm5kRln9zn29HsvfwjmLKFediVnlIkJWbjoiqCWUVA59ADicYAhGpnPT9VB/UNA1N58TwRnr1c/FWV5qMjirV3MRuuK/ineqpEVUidf8v+oOLnV5Sl9hj7KofHYCiWrXp6owGa6ZNeM2tS8se+Mojh0FpKVHYTze5f1dfcbmQawURYhNyEyZRHwBnNCNqjaifNjQ==
dT4O7qziSTj1Eo9Qo6dqKIPX0JczygsMAcTAYId1kqHrm0+V/aa1OTx9Hzmu3dIYbZm4yfNHnz4FWtsFr7cEXeeXwKTvxFau56hmIGy7Ct1NVjwt5LhOdfu1X0al24g67QILnBFdHn2wgvWCaVWV3KJ8mkZU889I+haJR4SXqH6DAkOPRMjKkzaPKbW8/E7tRvh9UsRuHnPLvDtynofD+8+100LPTN+9e96njtX6XV7iR6d+lQ==
fLqns8a8TDC7RRf8LIq5UwbSrDLZxVdhs0Yl3DZkMv2NSB1c2ITr84dhaXU+jyQ1o6g+fMqx8JTHf+jX9/W5DopMacIMWwK1fbkvaZjzygLhJo3jt+iBf+UJzFlcvz+PuhghnrKoJLUmHFMQTWq5j6Rcw2maygYbcv5sm1VNZI7Bu0NNl4W2MCOtWyHBwdAJrzBc9Q+DQUKVaT8hxZG/drO4xsK1e7GKI6bDqv+lFNE9HM6yfQ==
VCKFcVb1l990wo2EzwsPSe9ZOZqYPlQOkukA7vjYVhZ/NXcxy+6Mgh6zR2ZJQR8kvfnGUcUza8zVTy14Mef1dV9M6fmlNapawH55rJJHC288B7kfMntoRBZm05e1TjjopyaC7PgY/elgWe0ghzUnfdcyLXup6FtlUTFrs7/d9Hry2lmcTl+BAL0DHWC5oVfnZZdnQwkpHET5Y6BRMx8QC1J2uDjUnXBGEqcIAdnTkUulyqSU1g==
Lb9YuxfAW7d/vB0crQ6oPOq26g6OpFbGabUz9KRT5gNvDpDHRaDaJPAixPmkuZyF6wiFOMO2i8ZQi286l+H2qG7mQX9rZqe9TAbAkj9ZvpCtuk4GBFfd43lOeU5SwOEJDAHSht74evktgzNM9mXIFD3Fx8VSJvWL8DCzibh4Xeo4GssuVASOOrEMcesBILf1A78P8XzRgQSViU38i8WMaxCgLP2bxhoNkVW/7ExrUHS1c4Qp5w==
n7IH0aDrpuIFkNOI6vwJAZzoJKLCL/2VA9Qy15P4tAA5L84eTHni2jAQ0+a9gggBuIDuQLTQe++hE+/QT1xe7DHl6LQg2aaGybGWh8bp4njsuIYIuf3XChrey7PtvFcnOyOB8vU1SfhFFRNU/xi3KX4hHO8AKhcfiFwZ9wRqxRToirK1xEElBUXcCWFbsI7b2OV3iZb39YrQhRUAirNBcG/J5n0rWwN25SXxH5VZ0qrhJPA5KA==
rsDXTO7vbdlKnIZC/jqDo6ys4gT+khPrnYiz8PqCenOnoQdr6IW7VrNOO4kFesK4uqF6x/bXYsAOA8m+PQvEqNXXXZsg3bqpVmj40rsSHQD59biz2uhtY9KSepBthzL9z5uGQwRCxR9Z2qtcE7FZismiAD5lwoJ6v6LZkFkB9iNdc7/KyKnepFpHpN9YvjeD3BogJmzL6usS2oFre8FDekV2LkwopQRLyZUHYbu0dZ1h6pXVeA==
UoW1U9borL/FbUFjSPa2gmOzgfx9zpPmBoFI+Smx7U6rWrBZzPDe1uUD23zp2nvYGw6CiZhTVZp4ynwTUCNgKCc8w3auCcqYDCZ2aZ7UcXPMkcfHg9gMIGeq27pI/j4kVVsdyXE5CYr49hHkghkJI3cl0i1+oPANO76TUiiU3pdM7/JMvRWk4fpD2/cvO4QSSWBV2fZ+ZqGxR6+oB2dyGKD2tI6pFSLqzkbNbnz+C8GEu24aQw==
